0 info it worked if it ends with ok
1 verbose cli [ '/home/mauricio/.nvm/versions/node/v7.2.1/bin/node',
1 verbose cli   '/home/mauricio/.nvm/versions/node/v7.2.1/bin/npm',
1 verbose cli   'view',
1 verbose cli   '--json',
1 verbose cli   'generate-fibonacci',
1 verbose cli   'description',
1 verbose cli   'dist-tags.latest',
1 verbose cli   'homepage',
1 verbose cli   'version' ]
2 info using npm@3.10.10
3 info using node@v7.2.1
4 silly mapToRegistry name generate-fibonacci
5 silly mapToRegistry using default registry
6 silly mapToRegistry registry https://registry.npmjs.org/
7 silly mapToRegistry data Result {
7 silly mapToRegistry   raw: 'generate-fibonacci',
7 silly mapToRegistry   scope: null,
7 silly mapToRegistry   escapedName: 'generate-fibonacci',
7 silly mapToRegistry   name: 'generate-fibonacci',
7 silly mapToRegistry   rawSpec: '',
7 silly mapToRegistry   spec: 'latest',
7 silly mapToRegistry   type: 'tag' }
8 silly mapToRegistry uri https://registry.npmjs.org/generate-fibonacci
9 verbose request uri https://registry.npmjs.org/generate-fibonacci
10 verbose request no auth needed
11 info attempt registry request try #1 at 17:24:17
12 verbose request id 4b5639439b16bc3a
13 http request GET https://registry.npmjs.org/generate-fibonacci
14 http 404 https://registry.npmjs.org/generate-fibonacci
15 verbose headers { date: 'Thu, 10 Jun 2021 20:24:17 GMT',
15 verbose headers   'content-type': 'application/json',
15 verbose headers   'content-length': '21',
15 verbose headers   connection: 'keep-alive',
15 verbose headers   'cf-ray': '65d5528799a5cf9a-FOR',
15 verbose headers   age: '1',
15 verbose headers   vary: 'Accept-Encoding',
15 verbose headers   'cf-cache-status': 'HIT',
15 verbose headers   'cf-request-id': '0a9931e8c10000cf9a0f085000000001',
15 verbose headers   'expect-ct': 'max-age=604800, report-uri="https://report-uri.cloudflare.com/cdn-cgi/beacon/expect-ct"',
15 verbose headers   server: 'cloudflare' }
16 silly get cb [ 404,
16 silly get   { date: 'Thu, 10 Jun 2021 20:24:17 GMT',
16 silly get     'content-type': 'application/json',
16 silly get     'content-length': '21',
16 silly get     connection: 'keep-alive',
16 silly get     'cf-ray': '65d5528799a5cf9a-FOR',
16 silly get     age: '1',
16 silly get     vary: 'Accept-Encoding',
16 silly get     'cf-cache-status': 'HIT',
16 silly get     'cf-request-id': '0a9931e8c10000cf9a0f085000000001',
16 silly get     'expect-ct': 'max-age=604800, report-uri="https://report-uri.cloudflare.com/cdn-cgi/beacon/expect-ct"',
16 silly get     server: 'cloudflare' } ]
17 verbose stack Error: Not found : generate-fibonacci
17 verbose stack     at makeError (/home/mauricio/.nvm/versions/node/v7.2.1/lib/node_modules/npm/node_modules/npm-registry-client/lib/request.js:302:12)
17 verbose stack     at CachingRegistryClient.<anonymous> (/home/mauricio/.nvm/versions/node/v7.2.1/lib/node_modules/npm/node_modules/npm-registry-client/lib/request.js:290:14)
17 verbose stack     at Request._callback (/home/mauricio/.nvm/versions/node/v7.2.1/lib/node_modules/npm/node_modules/npm-registry-client/lib/request.js:210:14)
17 verbose stack     at Request.self.callback (/home/mauricio/.nvm/versions/node/v7.2.1/lib/node_modules/npm/node_modules/request/request.js:187:22)
17 verbose stack     at emitTwo (events.js:106:13)
17 verbose stack     at Request.emit (events.js:191:7)
17 verbose stack     at Request.<anonymous> (/home/mauricio/.nvm/versions/node/v7.2.1/lib/node_modules/npm/node_modules/request/request.js:1048:10)
17 verbose stack     at emitOne (events.js:96:13)
17 verbose stack     at Request.emit (events.js:188:7)
17 verbose stack     at IncomingMessage.<anonymous> (/home/mauricio/.nvm/versions/node/v7.2.1/lib/node_modules/npm/node_modules/request/request.js:969:12)
18 verbose statusCode 404
19 verbose pkgid generate-fibonacci
20 verbose cwd /home/mauricio/projects/espn/fibonacci-d3
21 error Linux 5.11.0-7614-generic
22 error argv "/home/mauricio/.nvm/versions/node/v7.2.1/bin/node" "/home/mauricio/.nvm/versions/node/v7.2.1/bin/npm" "view" "--json" "generate-fibonacci" "description" "dist-tags.latest" "homepage" "version"
23 error node v7.2.1
24 error npm  v3.10.10
25 error code E404
26 error 404 Not found : generate-fibonacci
27 error 404
28 error 404 'generate-fibonacci' is not in the npm registry.
29 error 404 You should bug the author to publish it (or use the name yourself!)
30 error 404 Note that you can also install from a
31 error 404 tarball, folder, http url, or git url.
32 verbose exit [ 1, true ]
